<?xml version="1.0" encoding="UTF-8"?>
<!-- Generated by org.testng.reporters.JUnitReportReporter -->
<testsuite hostname="Prajwal" failures="0" tests="1" name="scripts.TestCase2" time="9.085" errors="0" timestamp="2023-02-14T08:10:01 IST" skipped="0">
  <testcase classname="scripts.TestCase2" name="testA" time="9.085"/>
  <system-out>
    <![CDATA[Test Automation Training - Java, Selenium, API Automation]]>
  </system-out>
</testsuite> <!-- scripts.TestCase2 -->
